[2026-03-28T01:09:49.602+0000] {processor.py:161} INFO - Started process (PID=170) to work on /opt/airflow/dags/turtle_pipeline.py
[2026-03-28T01:09:49.606+0000] {processor.py:830} INFO - Processing file /opt/airflow/dags/turtle_pipeline.py for tasks to queue
[2026-03-28T01:09:49.619+0000] {logging_mixin.py:188} INFO - [2026-03-28T01:09:49.616+0000] {dagbag.py:540} INFO - Filling up the DagBag from /opt/airflow/dags/turtle_pipeline.py
[2026-03-28T01:09:49.826+0000] {processor.py:840} INFO - DAG(s) 'turtle_pipeline' retrieved from /opt/airflow/dags/turtle_pipeline.py
[2026-03-28T01:09:50.605+0000] {logging_mixin.py:188} INFO - [2026-03-28T01:09:50.602+0000] {override.py:1829} INFO - Created Permission View: can read on DAG:turtle_pipeline
[2026-03-28T01:09:50.636+0000] {logging_mixin.py:188} INFO - [2026-03-28T01:09:50.635+0000] {override.py:1829} INFO - Created Permission View: can edit on DAG:turtle_pipeline
[2026-03-28T01:09:50.679+0000] {logging_mixin.py:188} INFO - [2026-03-28T01:09:50.678+0000] {override.py:1829} INFO - Created Permission View: can delete on DAG:turtle_pipeline
[2026-03-28T01:09:50.701+0000] {logging_mixin.py:188} INFO - [2026-03-28T01:09:50.700+0000] {dag.py:3096} INFO - Sync 1 DAGs
[2026-03-28T01:09:50.791+0000] {logging_mixin.py:188} INFO - [2026-03-28T01:09:50.790+0000] {dag.py:3118} INFO - Creating ORM DAG for turtle_pipeline
[2026-03-28T01:09:50.841+0000] {logging_mixin.py:188} INFO - [2026-03-28T01:09:50.840+0000] {dag.py:3954} INFO - Setting next_dagrun for turtle_pipeline to 2026-03-15 00:00:00+00:00, run_after=2026-03-22 00:00:00+00:00
[2026-03-28T01:09:50.897+0000] {processor.py:183} INFO - Processing /opt/airflow/dags/turtle_pipeline.py took 1.330 seconds
[2026-03-28T01:10:21.091+0000] {processor.py:161} INFO - Started process (PID=175) to work on /opt/airflow/dags/turtle_pipeline.py
[2026-03-28T01:10:21.094+0000] {processor.py:830} INFO - Processing file /opt/airflow/dags/turtle_pipeline.py for tasks to queue
[2026-03-28T01:10:21.101+0000] {logging_mixin.py:188} INFO - [2026-03-28T01:10:21.100+0000] {dagbag.py:540} INFO - Filling up the DagBag from /opt/airflow/dags/turtle_pipeline.py
[2026-03-28T01:10:21.144+0000] {processor.py:840} INFO - DAG(s) 'turtle_pipeline' retrieved from /opt/airflow/dags/turtle_pipeline.py
[2026-03-28T01:10:21.210+0000] {logging_mixin.py:188} INFO - [2026-03-28T01:10:21.209+0000] {dag.py:3096} INFO - Sync 1 DAGs
[2026-03-28T01:10:21.266+0000] {logging_mixin.py:188} INFO - [2026-03-28T01:10:21.266+0000] {dag.py:3954} INFO - Setting next_dagrun for turtle_pipeline to 2026-03-15 00:00:00+00:00, run_after=2026-03-22 00:00:00+00:00
[2026-03-28T01:10:21.325+0000] {processor.py:183} INFO - Processing /opt/airflow/dags/turtle_pipeline.py took 0.246 seconds
[2026-03-28T01:10:51.978+0000] {processor.py:161} INFO - Started process (PID=180) to work on /opt/airflow/dags/turtle_pipeline.py
[2026-03-28T01:10:51.983+0000] {processor.py:830} INFO - Processing file /opt/airflow/dags/turtle_pipeline.py for tasks to queue
[2026-03-28T01:10:51.988+0000] {logging_mixin.py:188} INFO - [2026-03-28T01:10:51.987+0000] {dagbag.py:540} INFO - Filling up the DagBag from /opt/airflow/dags/turtle_pipeline.py
[2026-03-28T01:10:52.046+0000] {processor.py:840} INFO - DAG(s) 'turtle_pipeline' retrieved from /opt/airflow/dags/turtle_pipeline.py
[2026-03-28T01:10:52.116+0000] {logging_mixin.py:188} INFO - [2026-03-28T01:10:52.115+0000] {dag.py:3096} INFO - Sync 1 DAGs
[2026-03-28T01:10:52.274+0000] {logging_mixin.py:188} INFO - [2026-03-28T01:10:52.274+0000] {dag.py:3954} INFO - Setting next_dagrun for turtle_pipeline to 2026-03-15 00:00:00+00:00, run_after=2026-03-22 00:00:00+00:00
[2026-03-28T01:10:52.398+0000] {processor.py:183} INFO - Processing /opt/airflow/dags/turtle_pipeline.py took 0.436 seconds
[2026-03-28T01:11:22.559+0000] {processor.py:161} INFO - Started process (PID=185) to work on /opt/airflow/dags/turtle_pipeline.py
[2026-03-28T01:11:22.649+0000] {processor.py:830} INFO - Processing file /opt/airflow/dags/turtle_pipeline.py for tasks to queue
[2026-03-28T01:11:22.660+0000] {logging_mixin.py:188} INFO - [2026-03-28T01:11:22.659+0000] {dagbag.py:540} INFO - Filling up the DagBag from /opt/airflow/dags/turtle_pipeline.py
[2026-03-28T01:11:22.800+0000] {processor.py:840} INFO - DAG(s) 'turtle_pipeline' retrieved from /opt/airflow/dags/turtle_pipeline.py
[2026-03-28T01:11:22.889+0000] {logging_mixin.py:188} INFO - [2026-03-28T01:11:22.888+0000] {dag.py:3096} INFO - Sync 1 DAGs
[2026-03-28T01:11:22.972+0000] {logging_mixin.py:188} INFO - [2026-03-28T01:11:22.972+0000] {dag.py:3954} INFO - Setting next_dagrun for turtle_pipeline to 2026-03-15 00:00:00+00:00, run_after=2026-03-22 00:00:00+00:00
[2026-03-28T01:11:23.046+0000] {processor.py:183} INFO - Processing /opt/airflow/dags/turtle_pipeline.py took 0.508 seconds
[2026-03-28T01:11:53.269+0000] {processor.py:161} INFO - Started process (PID=190) to work on /opt/airflow/dags/turtle_pipeline.py
[2026-03-28T01:11:53.272+0000] {processor.py:830} INFO - Processing file /opt/airflow/dags/turtle_pipeline.py for tasks to queue
[2026-03-28T01:11:53.289+0000] {logging_mixin.py:188} INFO - [2026-03-28T01:11:53.287+0000] {dagbag.py:540} INFO - Filling up the DagBag from /opt/airflow/dags/turtle_pipeline.py
[2026-03-28T01:11:53.383+0000] {processor.py:840} INFO - DAG(s) 'turtle_pipeline' retrieved from /opt/airflow/dags/turtle_pipeline.py
[2026-03-28T01:11:53.471+0000] {logging_mixin.py:188} INFO - [2026-03-28T01:11:53.470+0000] {dag.py:3096} INFO - Sync 1 DAGs
[2026-03-28T01:11:53.530+0000] {logging_mixin.py:188} INFO - [2026-03-28T01:11:53.529+0000] {dag.py:3954} INFO - Setting next_dagrun for turtle_pipeline to 2026-03-15 00:00:00+00:00, run_after=2026-03-22 00:00:00+00:00
[2026-03-28T01:11:53.585+0000] {processor.py:183} INFO - Processing /opt/airflow/dags/turtle_pipeline.py took 0.334 seconds
[2026-03-28T01:12:23.944+0000] {processor.py:161} INFO - Started process (PID=195) to work on /opt/airflow/dags/turtle_pipeline.py
[2026-03-28T01:12:23.946+0000] {processor.py:830} INFO - Processing file /opt/airflow/dags/turtle_pipeline.py for tasks to queue
[2026-03-28T01:12:23.953+0000] {logging_mixin.py:188} INFO - [2026-03-28T01:12:23.950+0000] {dagbag.py:540} INFO - Filling up the DagBag from /opt/airflow/dags/turtle_pipeline.py
[2026-03-28T01:12:24.002+0000] {processor.py:840} INFO - DAG(s) 'turtle_pipeline' retrieved from /opt/airflow/dags/turtle_pipeline.py
[2026-03-28T01:12:24.070+0000] {logging_mixin.py:188} INFO - [2026-03-28T01:12:24.070+0000] {dag.py:3096} INFO - Sync 1 DAGs
[2026-03-28T01:12:24.119+0000] {logging_mixin.py:188} INFO - [2026-03-28T01:12:24.119+0000] {dag.py:3954} INFO - Setting next_dagrun for turtle_pipeline to 2026-03-15 00:00:00+00:00, run_after=2026-03-22 00:00:00+00:00
[2026-03-28T01:12:24.166+0000] {processor.py:183} INFO - Processing /opt/airflow/dags/turtle_pipeline.py took 0.235 seconds
[2026-03-28T01:12:54.728+0000] {processor.py:161} INFO - Started process (PID=200) to work on /opt/airflow/dags/turtle_pipeline.py
[2026-03-28T01:12:54.730+0000] {processor.py:830} INFO - Processing file /opt/airflow/dags/turtle_pipeline.py for tasks to queue
[2026-03-28T01:12:54.735+0000] {logging_mixin.py:188} INFO - [2026-03-28T01:12:54.734+0000] {dagbag.py:540} INFO - Filling up the DagBag from /opt/airflow/dags/turtle_pipeline.py
[2026-03-28T01:12:54.788+0000] {processor.py:840} INFO - DAG(s) 'turtle_pipeline' retrieved from /opt/airflow/dags/turtle_pipeline.py
[2026-03-28T01:12:54.841+0000] {logging_mixin.py:188} INFO - [2026-03-28T01:12:54.840+0000] {dag.py:3096} INFO - Sync 1 DAGs
[2026-03-28T01:12:54.893+0000] {logging_mixin.py:188} INFO - [2026-03-28T01:12:54.893+0000] {dag.py:3954} INFO - Setting next_dagrun for turtle_pipeline to 2026-03-15 00:00:00+00:00, run_after=2026-03-22 00:00:00+00:00
[2026-03-28T01:12:54.948+0000] {processor.py:183} INFO - Processing /opt/airflow/dags/turtle_pipeline.py took 0.236 seconds
[2026-03-28T01:13:25.278+0000] {processor.py:161} INFO - Started process (PID=205) to work on /opt/airflow/dags/turtle_pipeline.py
[2026-03-28T01:13:25.297+0000] {processor.py:830} INFO - Processing file /opt/airflow/dags/turtle_pipeline.py for tasks to queue
[2026-03-28T01:13:25.303+0000] {logging_mixin.py:188} INFO - [2026-03-28T01:13:25.302+0000] {dagbag.py:540} INFO - Filling up the DagBag from /opt/airflow/dags/turtle_pipeline.py
[2026-03-28T01:13:25.364+0000] {processor.py:840} INFO - DAG(s) 'turtle_pipeline' retrieved from /opt/airflow/dags/turtle_pipeline.py
[2026-03-28T01:13:25.440+0000] {logging_mixin.py:188} INFO - [2026-03-28T01:13:25.439+0000] {dag.py:3096} INFO - Sync 1 DAGs
[2026-03-28T01:13:25.507+0000] {logging_mixin.py:188} INFO - [2026-03-28T01:13:25.507+0000] {dag.py:3954} INFO - Setting next_dagrun for turtle_pipeline to 2026-03-15 00:00:00+00:00, run_after=2026-03-22 00:00:00+00:00
[2026-03-28T01:13:25.565+0000] {processor.py:183} INFO - Processing /opt/airflow/dags/turtle_pipeline.py took 0.308 seconds
[2026-03-28T01:13:56.171+0000] {processor.py:161} INFO - Started process (PID=210) to work on /opt/airflow/dags/turtle_pipeline.py
[2026-03-28T01:13:56.173+0000] {processor.py:830} INFO - Processing file /opt/airflow/dags/turtle_pipeline.py for tasks to queue
[2026-03-28T01:13:56.176+0000] {logging_mixin.py:188} INFO - [2026-03-28T01:13:56.176+0000] {dagbag.py:540} INFO - Filling up the DagBag from /opt/airflow/dags/turtle_pipeline.py
[2026-03-28T01:13:56.353+0000] {processor.py:840} INFO - DAG(s) 'turtle_pipeline' retrieved from /opt/airflow/dags/turtle_pipeline.py
[2026-03-28T01:13:56.487+0000] {logging_mixin.py:188} INFO - [2026-03-28T01:13:56.487+0000] {dag.py:3096} INFO - Sync 1 DAGs
[2026-03-28T01:13:56.536+0000] {logging_mixin.py:188} INFO - [2026-03-28T01:13:56.536+0000] {dag.py:3954} INFO - Setting next_dagrun for turtle_pipeline to 2026-03-15 00:00:00+00:00, run_after=2026-03-22 00:00:00+00:00
[2026-03-28T01:13:56.678+0000] {processor.py:183} INFO - Processing /opt/airflow/dags/turtle_pipeline.py took 0.515 seconds
[2026-03-28T01:14:27.388+0000] {processor.py:161} INFO - Started process (PID=215) to work on /opt/airflow/dags/turtle_pipeline.py
[2026-03-28T01:14:27.390+0000] {processor.py:830} INFO - Processing file /opt/airflow/dags/turtle_pipeline.py for tasks to queue
[2026-03-28T01:14:27.393+0000] {logging_mixin.py:188} INFO - [2026-03-28T01:14:27.392+0000] {dagbag.py:540} INFO - Filling up the DagBag from /opt/airflow/dags/turtle_pipeline.py
[2026-03-28T01:14:27.431+0000] {processor.py:840} INFO - DAG(s) 'turtle_pipeline' retrieved from /opt/airflow/dags/turtle_pipeline.py
[2026-03-28T01:14:27.505+0000] {logging_mixin.py:188} INFO - [2026-03-28T01:14:27.505+0000] {dag.py:3096} INFO - Sync 1 DAGs
[2026-03-28T01:14:27.552+0000] {logging_mixin.py:188} INFO - [2026-03-28T01:14:27.552+0000] {dag.py:3954} INFO - Setting next_dagrun for turtle_pipeline to 2026-03-15 00:00:00+00:00, run_after=2026-03-22 00:00:00+00:00
[2026-03-28T01:14:27.605+0000] {processor.py:183} INFO - Processing /opt/airflow/dags/turtle_pipeline.py took 0.229 seconds
[2026-03-28T01:14:58.143+0000] {processor.py:161} INFO - Started process (PID=220) to work on /opt/airflow/dags/turtle_pipeline.py
[2026-03-28T01:14:58.145+0000] {processor.py:830} INFO - Processing file /opt/airflow/dags/turtle_pipeline.py for tasks to queue
[2026-03-28T01:14:58.147+0000] {logging_mixin.py:188} INFO - [2026-03-28T01:14:58.147+0000] {dagbag.py:540} INFO - Filling up the DagBag from /opt/airflow/dags/turtle_pipeline.py
[2026-03-28T01:14:58.198+0000] {processor.py:840} INFO - DAG(s) 'turtle_pipeline' retrieved from /opt/airflow/dags/turtle_pipeline.py
[2026-03-28T01:14:58.259+0000] {logging_mixin.py:188} INFO - [2026-03-28T01:14:58.258+0000] {dag.py:3096} INFO - Sync 1 DAGs
[2026-03-28T01:14:58.307+0000] {logging_mixin.py:188} INFO - [2026-03-28T01:14:58.307+0000] {dag.py:3954} INFO - Setting next_dagrun for turtle_pipeline to 2026-03-15 00:00:00+00:00, run_after=2026-03-22 00:00:00+00:00
[2026-03-28T01:14:58.383+0000] {processor.py:183} INFO - Processing /opt/airflow/dags/turtle_pipeline.py took 0.252 seconds
[2026-03-28T01:15:28.695+0000] {processor.py:161} INFO - Started process (PID=225) to work on /opt/airflow/dags/turtle_pipeline.py
[2026-03-28T01:15:28.698+0000] {processor.py:830} INFO - Processing file /opt/airflow/dags/turtle_pipeline.py for tasks to queue
[2026-03-28T01:15:28.702+0000] {logging_mixin.py:188} INFO - [2026-03-28T01:15:28.701+0000] {dagbag.py:540} INFO - Filling up the DagBag from /opt/airflow/dags/turtle_pipeline.py
[2026-03-28T01:15:28.763+0000] {processor.py:840} INFO - DAG(s) 'turtle_pipeline' retrieved from /opt/airflow/dags/turtle_pipeline.py
[2026-03-28T01:15:28.827+0000] {logging_mixin.py:188} INFO - [2026-03-28T01:15:28.827+0000] {dag.py:3096} INFO - Sync 1 DAGs
[2026-03-28T01:15:28.886+0000] {logging_mixin.py:188} INFO - [2026-03-28T01:15:28.886+0000] {dag.py:3954} INFO - Setting next_dagrun for turtle_pipeline to 2026-03-15 00:00:00+00:00, run_after=2026-03-22 00:00:00+00:00
[2026-03-28T01:15:28.941+0000] {processor.py:183} INFO - Processing /opt/airflow/dags/turtle_pipeline.py took 0.257 seconds
[2026-03-28T01:15:59.197+0000] {processor.py:161} INFO - Started process (PID=230) to work on /opt/airflow/dags/turtle_pipeline.py
[2026-03-28T01:15:59.199+0000] {processor.py:830} INFO - Processing file /opt/airflow/dags/turtle_pipeline.py for tasks to queue
[2026-03-28T01:15:59.204+0000] {logging_mixin.py:188} INFO - [2026-03-28T01:15:59.203+0000] {dagbag.py:540} INFO - Filling up the DagBag from /opt/airflow/dags/turtle_pipeline.py
[2026-03-28T01:15:59.250+0000] {processor.py:840} INFO - DAG(s) 'turtle_pipeline' retrieved from /opt/airflow/dags/turtle_pipeline.py
[2026-03-28T01:15:59.305+0000] {logging_mixin.py:188} INFO - [2026-03-28T01:15:59.304+0000] {dag.py:3096} INFO - Sync 1 DAGs
[2026-03-28T01:15:59.345+0000] {logging_mixin.py:188} INFO - [2026-03-28T01:15:59.345+0000] {dag.py:3954} INFO - Setting next_dagrun for turtle_pipeline to 2026-03-15 00:00:00+00:00, run_after=2026-03-22 00:00:00+00:00
[2026-03-28T01:15:59.385+0000] {processor.py:183} INFO - Processing /opt/airflow/dags/turtle_pipeline.py took 0.200 seconds
[2026-03-28T01:16:29.893+0000] {processor.py:161} INFO - Started process (PID=235) to work on /opt/airflow/dags/turtle_pipeline.py
[2026-03-28T01:16:29.895+0000] {processor.py:830} INFO - Processing file /opt/airflow/dags/turtle_pipeline.py for tasks to queue
[2026-03-28T01:16:29.900+0000] {logging_mixin.py:188} INFO - [2026-03-28T01:16:29.899+0000] {dagbag.py:540} INFO - Filling up the DagBag from /opt/airflow/dags/turtle_pipeline.py
[2026-03-28T01:16:29.962+0000] {processor.py:840} INFO - DAG(s) 'turtle_pipeline' retrieved from /opt/airflow/dags/turtle_pipeline.py
[2026-03-28T01:16:30.013+0000] {logging_mixin.py:188} INFO - [2026-03-28T01:16:30.012+0000] {dag.py:3096} INFO - Sync 1 DAGs
[2026-03-28T01:16:30.070+0000] {logging_mixin.py:188} INFO - [2026-03-28T01:16:30.069+0000] {dag.py:3954} INFO - Setting next_dagrun for turtle_pipeline to 2026-03-15 00:00:00+00:00, run_after=2026-03-22 00:00:00+00:00
[2026-03-28T01:16:30.122+0000] {processor.py:183} INFO - Processing /opt/airflow/dags/turtle_pipeline.py took 0.239 seconds
[2026-03-28T01:17:00.651+0000] {processor.py:161} INFO - Started process (PID=240) to work on /opt/airflow/dags/turtle_pipeline.py
[2026-03-28T01:17:00.654+0000] {processor.py:830} INFO - Processing file /opt/airflow/dags/turtle_pipeline.py for tasks to queue
[2026-03-28T01:17:00.659+0000] {logging_mixin.py:188} INFO - [2026-03-28T01:17:00.658+0000] {dagbag.py:540} INFO - Filling up the DagBag from /opt/airflow/dags/turtle_pipeline.py
[2026-03-28T01:17:00.711+0000] {processor.py:840} INFO - DAG(s) 'turtle_pipeline' retrieved from /opt/airflow/dags/turtle_pipeline.py
[2026-03-28T01:17:00.788+0000] {logging_mixin.py:188} INFO - [2026-03-28T01:17:00.788+0000] {dag.py:3096} INFO - Sync 1 DAGs
[2026-03-28T01:17:00.826+0000] {logging_mixin.py:188} INFO - [2026-03-28T01:17:00.826+0000] {dag.py:3954} INFO - Setting next_dagrun for turtle_pipeline to 2026-03-15 00:00:00+00:00, run_after=2026-03-22 00:00:00+00:00
[2026-03-28T01:17:00.873+0000] {processor.py:183} INFO - Processing /opt/airflow/dags/turtle_pipeline.py took 0.234 seconds
[2026-03-28T01:17:31.080+0000] {processor.py:161} INFO - Started process (PID=245) to work on /opt/airflow/dags/turtle_pipeline.py
[2026-03-28T01:17:31.082+0000] {processor.py:830} INFO - Processing file /opt/airflow/dags/turtle_pipeline.py for tasks to queue
[2026-03-28T01:17:31.086+0000] {logging_mixin.py:188} INFO - [2026-03-28T01:17:31.085+0000] {dagbag.py:540} INFO - Filling up the DagBag from /opt/airflow/dags/turtle_pipeline.py
[2026-03-28T01:17:31.123+0000] {processor.py:840} INFO - DAG(s) 'turtle_pipeline' retrieved from /opt/airflow/dags/turtle_pipeline.py
[2026-03-28T01:17:31.177+0000] {logging_mixin.py:188} INFO - [2026-03-28T01:17:31.176+0000] {dag.py:3096} INFO - Sync 1 DAGs
[2026-03-28T01:17:31.221+0000] {logging_mixin.py:188} INFO - [2026-03-28T01:17:31.221+0000] {dag.py:3954} INFO - Setting next_dagrun for turtle_pipeline to 2026-03-15 00:00:00+00:00, run_after=2026-03-22 00:00:00+00:00
[2026-03-28T01:17:31.262+0000] {processor.py:183} INFO - Processing /opt/airflow/dags/turtle_pipeline.py took 0.194 seconds
[2026-03-28T01:18:01.682+0000] {processor.py:161} INFO - Started process (PID=250) to work on /opt/airflow/dags/turtle_pipeline.py
[2026-03-28T01:18:01.684+0000] {processor.py:830} INFO - Processing file /opt/airflow/dags/turtle_pipeline.py for tasks to queue
[2026-03-28T01:18:01.687+0000] {logging_mixin.py:188} INFO - [2026-03-28T01:18:01.686+0000] {dagbag.py:540} INFO - Filling up the DagBag from /opt/airflow/dags/turtle_pipeline.py
[2026-03-28T01:18:01.732+0000] {processor.py:840} INFO - DAG(s) 'turtle_pipeline' retrieved from /opt/airflow/dags/turtle_pipeline.py
[2026-03-28T01:18:01.769+0000] {logging_mixin.py:188} INFO - [2026-03-28T01:18:01.769+0000] {dag.py:3096} INFO - Sync 1 DAGs
[2026-03-28T01:18:01.802+0000] {logging_mixin.py:188} INFO - [2026-03-28T01:18:01.801+0000] {dag.py:3954} INFO - Setting next_dagrun for turtle_pipeline to 2026-03-15 00:00:00+00:00, run_after=2026-03-22 00:00:00+00:00
[2026-03-28T01:18:01.843+0000] {processor.py:183} INFO - Processing /opt/airflow/dags/turtle_pipeline.py took 0.172 seconds
[2026-03-28T01:18:32.541+0000] {processor.py:161} INFO - Started process (PID=255) to work on /opt/airflow/dags/turtle_pipeline.py
[2026-03-28T01:18:32.603+0000] {processor.py:830} INFO - Processing file /opt/airflow/dags/turtle_pipeline.py for tasks to queue
[2026-03-28T01:18:32.629+0000] {logging_mixin.py:188} INFO - [2026-03-28T01:18:32.628+0000] {dagbag.py:540} INFO - Filling up the DagBag from /opt/airflow/dags/turtle_pipeline.py
[2026-03-28T01:18:32.902+0000] {processor.py:840} INFO - DAG(s) 'turtle_pipeline' retrieved from /opt/airflow/dags/turtle_pipeline.py
[2026-03-28T01:18:32.962+0000] {logging_mixin.py:188} INFO - [2026-03-28T01:18:32.962+0000] {dag.py:3096} INFO - Sync 1 DAGs
[2026-03-28T01:18:33.104+0000] {logging_mixin.py:188} INFO - [2026-03-28T01:18:33.104+0000] {dag.py:3954} INFO - Setting next_dagrun for turtle_pipeline to 2026-03-15 00:00:00+00:00, run_after=2026-03-22 00:00:00+00:00
[2026-03-28T01:18:33.189+0000] {processor.py:183} INFO - Processing /opt/airflow/dags/turtle_pipeline.py took 0.655 seconds
[2026-03-28T01:19:03.875+0000] {processor.py:161} INFO - Started process (PID=260) to work on /opt/airflow/dags/turtle_pipeline.py
[2026-03-28T01:19:03.888+0000] {processor.py:830} INFO - Processing file /opt/airflow/dags/turtle_pipeline.py for tasks to queue
[2026-03-28T01:19:03.895+0000] {logging_mixin.py:188} INFO - [2026-03-28T01:19:03.893+0000] {dagbag.py:540} INFO - Filling up the DagBag from /opt/airflow/dags/turtle_pipeline.py
[2026-03-28T01:19:04.012+0000] {processor.py:840} INFO - DAG(s) 'turtle_pipeline' retrieved from /opt/airflow/dags/turtle_pipeline.py
[2026-03-28T01:19:04.077+0000] {logging_mixin.py:188} INFO - [2026-03-28T01:19:04.076+0000] {dag.py:3096} INFO - Sync 1 DAGs
[2026-03-28T01:19:04.124+0000] {logging_mixin.py:188} INFO - [2026-03-28T01:19:04.124+0000] {dag.py:3954} INFO - Setting next_dagrun for turtle_pipeline to 2026-03-15 00:00:00+00:00, run_after=2026-03-22 00:00:00+00:00
[2026-03-28T01:19:04.165+0000] {processor.py:183} INFO - Processing /opt/airflow/dags/turtle_pipeline.py took 0.370 seconds
[2026-03-28T01:19:34.441+0000] {processor.py:161} INFO - Started process (PID=265) to work on /opt/airflow/dags/turtle_pipeline.py
[2026-03-28T01:19:34.450+0000] {processor.py:830} INFO - Processing file /opt/airflow/dags/turtle_pipeline.py for tasks to queue
[2026-03-28T01:19:34.456+0000] {logging_mixin.py:188} INFO - [2026-03-28T01:19:34.455+0000] {dagbag.py:540} INFO - Filling up the DagBag from /opt/airflow/dags/turtle_pipeline.py
[2026-03-28T01:19:34.516+0000] {processor.py:840} INFO - DAG(s) 'turtle_pipeline' retrieved from /opt/airflow/dags/turtle_pipeline.py
[2026-03-28T01:19:34.570+0000] {logging_mixin.py:188} INFO - [2026-03-28T01:19:34.569+0000] {dag.py:3096} INFO - Sync 1 DAGs
[2026-03-28T01:19:34.599+0000] {logging_mixin.py:188} INFO - [2026-03-28T01:19:34.598+0000] {dag.py:3954} INFO - Setting next_dagrun for turtle_pipeline to 2026-03-15 00:00:00+00:00, run_after=2026-03-22 00:00:00+00:00
[2026-03-28T01:19:34.626+0000] {processor.py:183} INFO - Processing /opt/airflow/dags/turtle_pipeline.py took 0.228 seconds
[2026-03-28T01:20:05.182+0000] {processor.py:161} INFO - Started process (PID=270) to work on /opt/airflow/dags/turtle_pipeline.py
[2026-03-28T01:20:05.184+0000] {processor.py:830} INFO - Processing file /opt/airflow/dags/turtle_pipeline.py for tasks to queue
[2026-03-28T01:20:05.191+0000] {logging_mixin.py:188} INFO - [2026-03-28T01:20:05.190+0000] {dagbag.py:540} INFO - Filling up the DagBag from /opt/airflow/dags/turtle_pipeline.py
[2026-03-28T01:20:05.265+0000] {processor.py:840} INFO - DAG(s) 'turtle_pipeline' retrieved from /opt/airflow/dags/turtle_pipeline.py
[2026-03-28T01:20:05.357+0000] {logging_mixin.py:188} INFO - [2026-03-28T01:20:05.356+0000] {dag.py:3096} INFO - Sync 1 DAGs
[2026-03-28T01:20:05.422+0000] {logging_mixin.py:188} INFO - [2026-03-28T01:20:05.421+0000] {dag.py:3954} INFO - Setting next_dagrun for turtle_pipeline to 2026-03-15 00:00:00+00:00, run_after=2026-03-22 00:00:00+00:00
[2026-03-28T01:20:05.495+0000] {processor.py:183} INFO - Processing /opt/airflow/dags/turtle_pipeline.py took 0.328 seconds
