[2026-03-28T00:42:35.132+0000] {manager.py:470} INFO - Processing files using up to 2 processes at a time 
[2026-03-28T00:42:35.135+0000] {manager.py:471} INFO - Process each file at most once every 30 seconds
[2026-03-28T00:42:35.138+0000] {manager.py:472} INFO - Checking for new files in /opt/airflow/dags every 300 seconds
[2026-03-28T00:42:35.140+0000] {manager.py:737} INFO - Searching for files in /opt/airflow/dags
[2026-03-28T00:42:35.162+0000] {manager.py:740} INFO - There are 0 files in /opt/airflow/dags
[2026-03-28T00:45:02.188+0000] {manager.py:452} INFO - Exiting gracefully upon receiving signal 15
[2026-03-28T00:45:40.125+0000] {manager.py:470} INFO - Processing files using up to 2 processes at a time 
[2026-03-28T00:45:40.128+0000] {manager.py:471} INFO - Process each file at most once every 30 seconds
[2026-03-28T00:45:40.131+0000] {manager.py:472} INFO - Checking for new files in /opt/airflow/dags every 300 seconds
[2026-03-28T00:45:40.133+0000] {manager.py:737} INFO - Searching for files in /opt/airflow/dags
[2026-03-28T00:45:40.170+0000] {manager.py:740} INFO - There are 0 files in /opt/airflow/dags
[2026-03-28T00:54:48.505+0000] {manager.py:737} INFO - Searching for files in /opt/airflow/dags
[2026-03-28T00:54:49.743+0000] {manager.py:740} INFO - There are 0 files in /opt/airflow/dags
[2026-03-28T00:59:48.809+0000] {manager.py:737} INFO - Searching for files in /opt/airflow/dags
[2026-03-28T00:59:48.837+0000] {manager.py:740} INFO - There are 0 files in /opt/airflow/dags
[2026-03-28T01:04:48.956+0000] {manager.py:737} INFO - Searching for files in /opt/airflow/dags
[2026-03-28T01:04:49.074+0000] {manager.py:740} INFO - There are 0 files in /opt/airflow/dags
[2026-03-28T01:09:49.112+0000] {manager.py:737} INFO - Searching for files in /opt/airflow/dags
[2026-03-28T01:09:49.208+0000] {manager.py:740} INFO - There are 1 files in /opt/airflow/dags
[2026-03-28T01:10:18.475+0000] {manager.py:878} INFO - 
================================================================================
DAG File Processing Stats

File Path                             PID    Runtime      # DAGs    # Errors  Last Runtime    Last Run
------------------------------------  -----  ---------  --------  ----------  --------------  -------------------
/opt/airflow/dags/turtle_pipeline.py                           1           0  1.50s           2026-03-28T01:09:50
================================================================================
[2026-03-28T01:10:48.703+0000] {manager.py:878} INFO - 
================================================================================
DAG File Processing Stats

File Path                             PID    Runtime      # DAGs    # Errors  Last Runtime    Last Run
------------------------------------  -----  ---------  --------  ----------  --------------  -------------------
/opt/airflow/dags/turtle_pipeline.py                           1           0  0.31s           2026-03-28T01:10:21
================================================================================
[2026-03-28T01:11:19.120+0000] {manager.py:878} INFO - 
================================================================================
DAG File Processing Stats

File Path                             PID    Runtime      # DAGs    # Errors  Last Runtime    Last Run
------------------------------------  -----  ---------  --------  ----------  --------------  -------------------
/opt/airflow/dags/turtle_pipeline.py                           1           0  0.58s           2026-03-28T01:10:52
================================================================================
[2026-03-28T01:11:49.388+0000] {manager.py:878} INFO - 
================================================================================
DAG File Processing Stats

File Path                             PID    Runtime      # DAGs    # Errors  Last Runtime    Last Run
------------------------------------  -----  ---------  --------  ----------  --------------  -------------------
/opt/airflow/dags/turtle_pipeline.py                           1           0  0.59s           2026-03-28T01:11:23
================================================================================
[2026-03-28T01:12:19.779+0000] {manager.py:878} INFO - 
================================================================================
DAG File Processing Stats

File Path                             PID    Runtime      # DAGs    # Errors  Last Runtime    Last Run
------------------------------------  -----  ---------  --------  ----------  --------------  -------------------
/opt/airflow/dags/turtle_pipeline.py                           1           0  0.46s           2026-03-28T01:11:53
================================================================================
[2026-03-28T01:12:50.548+0000] {manager.py:878} INFO - 
================================================================================
DAG File Processing Stats

File Path                             PID    Runtime      # DAGs    # Errors  Last Runtime    Last Run
------------------------------------  -----  ---------  --------  ----------  --------------  -------------------
/opt/airflow/dags/turtle_pipeline.py                           1           0  0.30s           2026-03-28T01:12:24
================================================================================
[2026-03-28T01:13:20.654+0000] {manager.py:878} INFO - 
================================================================================
DAG File Processing Stats

File Path                             PID    Runtime      # DAGs    # Errors  Last Runtime    Last Run
------------------------------------  -----  ---------  --------  ----------  --------------  -------------------
/opt/airflow/dags/turtle_pipeline.py                           1           0  0.30s           2026-03-28T01:12:54
================================================================================
[2026-03-28T01:13:50.714+0000] {manager.py:878} INFO - 
================================================================================
DAG File Processing Stats

File Path                             PID    Runtime      # DAGs    # Errors  Last Runtime    Last Run
------------------------------------  -----  ---------  --------  ----------  --------------  -------------------
/opt/airflow/dags/turtle_pipeline.py                           1           0  0.37s           2026-03-28T01:13:25
================================================================================
[2026-03-28T01:14:21.272+0000] {manager.py:878} INFO - 
================================================================================
DAG File Processing Stats

File Path                             PID    Runtime      # DAGs    # Errors  Last Runtime    Last Run
------------------------------------  -----  ---------  --------  ----------  --------------  -------------------
/opt/airflow/dags/turtle_pipeline.py                           1           0  0.63s           2026-03-28T01:13:56
================================================================================
[2026-03-28T01:14:49.861+0000] {manager.py:737} INFO - Searching for files in /opt/airflow/dags
[2026-03-28T01:14:49.897+0000] {manager.py:740} INFO - There are 1 files in /opt/airflow/dags
[2026-03-28T01:14:51.930+0000] {manager.py:878} INFO - 
================================================================================
DAG File Processing Stats

File Path                             PID    Runtime      # DAGs    # Errors  Last Runtime    Last Run
------------------------------------  -----  ---------  --------  ----------  --------------  -------------------
/opt/airflow/dags/turtle_pipeline.py                           1           0  0.28s           2026-03-28T01:14:27
================================================================================
[2026-03-28T01:15:22.399+0000] {manager.py:878} INFO - 
================================================================================
DAG File Processing Stats

File Path                             PID    Runtime      # DAGs    # Errors  Last Runtime    Last Run
------------------------------------  -----  ---------  --------  ----------  --------------  -------------------
/opt/airflow/dags/turtle_pipeline.py                           1           0  0.30s           2026-03-28T01:14:58
================================================================================
[2026-03-28T01:15:53.072+0000] {manager.py:878} INFO - 
================================================================================
DAG File Processing Stats

File Path                             PID    Runtime      # DAGs    # Errors  Last Runtime    Last Run
------------------------------------  -----  ---------  --------  ----------  --------------  -------------------
/opt/airflow/dags/turtle_pipeline.py                           1           0  0.45s           2026-03-28T01:15:28
================================================================================
[2026-03-28T01:16:23.740+0000] {manager.py:878} INFO - 
================================================================================
DAG File Processing Stats

File Path                             PID    Runtime      # DAGs    # Errors  Last Runtime    Last Run
------------------------------------  -----  ---------  --------  ----------  --------------  -------------------
/opt/airflow/dags/turtle_pipeline.py                           1           0  0.25s           2026-03-28T01:15:59
================================================================================
[2026-03-28T01:16:54.421+0000] {manager.py:878} INFO - 
================================================================================
DAG File Processing Stats

File Path                             PID    Runtime      # DAGs    # Errors  Last Runtime    Last Run
------------------------------------  -----  ---------  --------  ----------  --------------  -------------------
/opt/airflow/dags/turtle_pipeline.py                           1           0  0.32s           2026-03-28T01:16:30
================================================================================
[2026-03-28T01:17:24.889+0000] {manager.py:878} INFO - 
================================================================================
DAG File Processing Stats

File Path                             PID    Runtime      # DAGs    # Errors  Last Runtime    Last Run
------------------------------------  -----  ---------  --------  ----------  --------------  -------------------
/opt/airflow/dags/turtle_pipeline.py                           1           0  0.40s           2026-03-28T01:17:00
================================================================================
[2026-03-28T01:17:55.544+0000] {manager.py:878} INFO - 
================================================================================
DAG File Processing Stats

File Path                             PID    Runtime      # DAGs    # Errors  Last Runtime    Last Run
------------------------------------  -----  ---------  --------  ----------  --------------  -------------------
/opt/airflow/dags/turtle_pipeline.py                           1           0  0.26s           2026-03-28T01:17:31
================================================================================
[2026-03-28T01:18:25.921+0000] {manager.py:878} INFO - 
================================================================================
DAG File Processing Stats

File Path                             PID    Runtime      # DAGs    # Errors  Last Runtime    Last Run
------------------------------------  -----  ---------  --------  ----------  --------------  -------------------
/opt/airflow/dags/turtle_pipeline.py                           1           0  0.23s           2026-03-28T01:18:01
================================================================================
[2026-03-28T01:18:56.634+0000] {manager.py:878} INFO - 
================================================================================
DAG File Processing Stats

File Path                             PID    Runtime      # DAGs    # Errors  Last Runtime    Last Run
------------------------------------  -----  ---------  --------  ----------  --------------  -------------------
/opt/airflow/dags/turtle_pipeline.py                           1           0  0.94s           2026-03-28T01:18:33
================================================================================
[2026-03-28T01:19:26.760+0000] {manager.py:878} INFO - 
================================================================================
DAG File Processing Stats

File Path                             PID    Runtime      # DAGs    # Errors  Last Runtime    Last Run
------------------------------------  -----  ---------  --------  ----------  --------------  -------------------
/opt/airflow/dags/turtle_pipeline.py                           1           0  0.46s           2026-03-28T01:19:04
================================================================================
[2026-03-28T01:19:50.593+0000] {manager.py:737} INFO - Searching for files in /opt/airflow/dags
[2026-03-28T01:19:50.829+0000] {manager.py:740} INFO - There are 1 files in /opt/airflow/dags
[2026-03-28T01:19:56.930+0000] {manager.py:878} INFO - 
================================================================================
DAG File Processing Stats

File Path                             PID    Runtime      # DAGs    # Errors  Last Runtime    Last Run
------------------------------------  -----  ---------  --------  ----------  --------------  -------------------
/opt/airflow/dags/turtle_pipeline.py                           1           0  0.35s           2026-03-28T01:19:34
================================================================================
[2026-03-28T01:20:27.052+0000] {manager.py:878} INFO - 
================================================================================
DAG File Processing Stats

File Path                             PID    Runtime      # DAGs    # Errors  Last Runtime    Last Run
------------------------------------  -----  ---------  --------  ----------  --------------  -------------------
/opt/airflow/dags/turtle_pipeline.py                           1           0  0.44s           2026-03-28T01:20:05
================================================================================
[2026-03-28T01:20:57.462+0000] {manager.py:878} INFO - 
================================================================================
DAG File Processing Stats

File Path                             PID    Runtime      # DAGs    # Errors  Last Runtime    Last Run
------------------------------------  -----  ---------  --------  ----------  --------------  -------------------
/opt/airflow/dags/turtle_pipeline.py                           1           0  0.32s           2026-03-28T01:20:36
================================================================================
[2026-03-28T01:21:27.787+0000] {manager.py:878} INFO - 
================================================================================
DAG File Processing Stats

File Path                             PID    Runtime      # DAGs    # Errors  Last Runtime    Last Run
------------------------------------  -----  ---------  --------  ----------  --------------  -------------------
/opt/airflow/dags/turtle_pipeline.py                           1           0  0.28s           2026-03-28T01:21:06
================================================================================
[2026-03-28T01:21:58.108+0000] {manager.py:878} INFO - 
================================================================================
DAG File Processing Stats

File Path                             PID    Runtime      # DAGs    # Errors  Last Runtime    Last Run
------------------------------------  -----  ---------  --------  ----------  --------------  -------------------
/opt/airflow/dags/turtle_pipeline.py                           1           0  0.23s           2026-03-28T01:21:37
================================================================================
[2026-03-28T01:22:28.592+0000] {manager.py:878} INFO - 
================================================================================
DAG File Processing Stats

File Path                             PID    Runtime      # DAGs    # Errors  Last Runtime    Last Run
------------------------------------  -----  ---------  --------  ----------  --------------  -------------------
/opt/airflow/dags/turtle_pipeline.py                           1           0  0.25s           2026-03-28T01:22:07
================================================================================
[2026-03-28T01:22:59.416+0000] {manager.py:878} INFO - 
================================================================================
DAG File Processing Stats

File Path                             PID    Runtime      # DAGs    # Errors  Last Runtime    Last Run
------------------------------------  -----  ---------  --------  ----------  --------------  -------------------
/opt/airflow/dags/turtle_pipeline.py                           1           0  0.44s           2026-03-28T01:22:38
================================================================================
[2026-03-28T01:23:29.541+0000] {manager.py:878} INFO - 
================================================================================
DAG File Processing Stats

File Path                             PID    Runtime      # DAGs    # Errors  Last Runtime    Last Run
------------------------------------  -----  ---------  --------  ----------  --------------  -------------------
/opt/airflow/dags/turtle_pipeline.py                           1           0  0.58s           2026-03-28T01:23:09
================================================================================
[2026-03-28T01:23:59.974+0000] {manager.py:878} INFO - 
================================================================================
DAG File Processing Stats

File Path                             PID    Runtime      # DAGs    # Errors  Last Runtime    Last Run
------------------------------------  -----  ---------  --------  ----------  --------------  -------------------
/opt/airflow/dags/turtle_pipeline.py                           1           0  0.27s           2026-03-28T01:23:39
================================================================================
[2026-03-28T01:24:30.128+0000] {manager.py:878} INFO - 
================================================================================
DAG File Processing Stats

File Path                             PID    Runtime      # DAGs    # Errors  Last Runtime    Last Run
------------------------------------  -----  ---------  --------  ----------  --------------  -------------------
/opt/airflow/dags/turtle_pipeline.py                           1           0  1.40s           2026-03-28T01:24:11
================================================================================
[2026-03-28T01:24:51.386+0000] {manager.py:737} INFO - Searching for files in /opt/airflow/dags
[2026-03-28T01:24:51.612+0000] {manager.py:740} INFO - There are 1 files in /opt/airflow/dags
[2026-03-28T01:24:59.926+0000] {manager.py:878} INFO - 
================================================================================
DAG File Processing Stats

File Path                             PID    Runtime      # DAGs    # Errors  Last Runtime    Last Run
------------------------------------  -----  ---------  --------  ----------  --------------  -------------------
/opt/airflow/dags/turtle_pipeline.py                           1           0  0.40s           2026-03-28T01:24:42
================================================================================
[2026-03-28T01:25:30.356+0000] {manager.py:878} INFO - 
================================================================================
DAG File Processing Stats

File Path                             PID    Runtime      # DAGs    # Errors  Last Runtime    Last Run
------------------------------------  -----  ---------  --------  ----------  --------------  -------------------
/opt/airflow/dags/turtle_pipeline.py                           1           0  0.82s           2026-03-28T01:25:14
================================================================================
[2026-03-28T01:26:01.211+0000] {manager.py:878} INFO - 
================================================================================
DAG File Processing Stats

File Path                             PID    Runtime      # DAGs    # Errors  Last Runtime    Last Run
------------------------------------  -----  ---------  --------  ----------  --------------  -------------------
/opt/airflow/dags/turtle_pipeline.py                           1           0  0.26s           2026-03-28T01:25:44
================================================================================
[2026-03-28T01:26:31.260+0000] {manager.py:878} INFO - 
================================================================================
DAG File Processing Stats

File Path                             PID    Runtime      # DAGs    # Errors  Last Runtime    Last Run
------------------------------------  -----  ---------  --------  ----------  --------------  -------------------
/opt/airflow/dags/turtle_pipeline.py                           1           0  0.49s           2026-03-28T01:26:15
================================================================================
[2026-03-28T01:27:01.835+0000] {manager.py:878} INFO - 
================================================================================
DAG File Processing Stats

File Path                             PID    Runtime      # DAGs    # Errors  Last Runtime    Last Run
------------------------------------  -----  ---------  --------  ----------  --------------  -------------------
/opt/airflow/dags/turtle_pipeline.py                           1           0  0.39s           2026-03-28T01:26:46
================================================================================
[2026-03-28T01:27:32.224+0000] {manager.py:878} INFO - 
================================================================================
DAG File Processing Stats

File Path                             PID    Runtime      # DAGs    # Errors  Last Runtime    Last Run
------------------------------------  -----  ---------  --------  ----------  --------------  -------------------
/opt/airflow/dags/turtle_pipeline.py                           1           0  0.29s           2026-03-28T01:27:16
================================================================================
[2026-03-28T01:28:02.640+0000] {manager.py:878} INFO - 
================================================================================
DAG File Processing Stats

File Path                             PID    Runtime      # DAGs    # Errors  Last Runtime    Last Run
------------------------------------  -----  ---------  --------  ----------  --------------  -------------------
/opt/airflow/dags/turtle_pipeline.py                           1           0  0.37s           2026-03-28T01:27:47
================================================================================
[2026-03-28T01:28:32.880+0000] {manager.py:878} INFO - 
================================================================================
DAG File Processing Stats

File Path                             PID    Runtime      # DAGs    # Errors  Last Runtime    Last Run
------------------------------------  -----  ---------  --------  ----------  --------------  -------------------
/opt/airflow/dags/turtle_pipeline.py                           1           0  0.40s           2026-03-28T01:28:18
================================================================================
[2026-03-28T01:29:03.365+0000] {manager.py:878} INFO - 
================================================================================
DAG File Processing Stats

File Path                             PID    Runtime      # DAGs    # Errors  Last Runtime    Last Run
------------------------------------  -----  ---------  --------  ----------  --------------  -------------------
/opt/airflow/dags/turtle_pipeline.py                           1           0  0.26s           2026-03-28T01:28:49
================================================================================
[2026-03-28T01:29:33.588+0000] {manager.py:878} INFO - 
================================================================================
DAG File Processing Stats

File Path                             PID    Runtime      # DAGs    # Errors  Last Runtime    Last Run
------------------------------------  -----  ---------  --------  ----------  --------------  -------------------
/opt/airflow/dags/turtle_pipeline.py                           1           0  1.09s           2026-03-28T01:29:21
================================================================================
[2026-03-28T01:29:52.075+0000] {manager.py:737} INFO - Searching for files in /opt/airflow/dags
[2026-03-28T01:29:52.138+0000] {manager.py:740} INFO - There are 1 files in /opt/airflow/dags
[2026-03-28T01:30:03.822+0000] {manager.py:878} INFO - 
================================================================================
DAG File Processing Stats

File Path                             PID    Runtime      # DAGs    # Errors  Last Runtime    Last Run
------------------------------------  -----  ---------  --------  ----------  --------------  -------------------
/opt/airflow/dags/turtle_pipeline.py                           1           0  0.30s           2026-03-28T01:29:52
================================================================================
[2026-03-28T01:30:34.386+0000] {manager.py:878} INFO - 
================================================================================
DAG File Processing Stats

File Path                             PID    Runtime      # DAGs    # Errors  Last Runtime    Last Run
------------------------------------  -----  ---------  --------  ----------  --------------  -------------------
/opt/airflow/dags/turtle_pipeline.py                           1           0  0.46s           2026-03-28T01:30:23
================================================================================
[2026-03-28T01:31:04.927+0000] {manager.py:878} INFO - 
================================================================================
DAG File Processing Stats

File Path                             PID    Runtime      # DAGs    # Errors  Last Runtime    Last Run
------------------------------------  -----  ---------  --------  ----------  --------------  -------------------
/opt/airflow/dags/turtle_pipeline.py                           1           0  1.02s           2026-03-28T01:30:54
================================================================================
[2026-03-28T01:31:34.937+0000] {manager.py:878} INFO - 
================================================================================
DAG File Processing Stats

File Path                             PID    Runtime      # DAGs    # Errors  Last Runtime    Last Run
------------------------------------  -----  ---------  --------  ----------  --------------  -------------------
/opt/airflow/dags/turtle_pipeline.py                           1           0  0.51s           2026-03-28T01:31:25
================================================================================
[2026-03-28T01:32:05.062+0000] {manager.py:878} INFO - 
================================================================================
DAG File Processing Stats

File Path                             PID    Runtime      # DAGs    # Errors  Last Runtime    Last Run
------------------------------------  -----  ---------  --------  ----------  --------------  -------------------
/opt/airflow/dags/turtle_pipeline.py                           1           0  0.33s           2026-03-28T01:31:56
================================================================================
[2026-03-28T01:32:35.112+0000] {manager.py:878} INFO - 
================================================================================
DAG File Processing Stats

File Path                             PID    Runtime      # DAGs    # Errors  Last Runtime    Last Run
------------------------------------  -----  ---------  --------  ----------  --------------  -------------------
/opt/airflow/dags/turtle_pipeline.py                           1           0  0.46s           2026-03-28T01:32:26
================================================================================
[2026-03-28T01:33:05.697+0000] {manager.py:878} INFO - 
================================================================================
DAG File Processing Stats

File Path                             PID    Runtime      # DAGs    # Errors  Last Runtime    Last Run
------------------------------------  -----  ---------  --------  ----------  --------------  -------------------
/opt/airflow/dags/turtle_pipeline.py                           1           0  0.35s           2026-03-28T01:32:57
================================================================================
[2026-03-28T01:33:36.374+0000] {manager.py:878} INFO - 
================================================================================
DAG File Processing Stats

File Path                             PID    Runtime      # DAGs    # Errors  Last Runtime    Last Run
------------------------------------  -----  ---------  --------  ----------  --------------  -------------------
/opt/airflow/dags/turtle_pipeline.py                           1           0  0.34s           2026-03-28T01:33:28
================================================================================
[2026-03-28T01:34:06.606+0000] {manager.py:878} INFO - 
================================================================================
DAG File Processing Stats

File Path                             PID    Runtime      # DAGs    # Errors  Last Runtime    Last Run
------------------------------------  -----  ---------  --------  ----------  --------------  -------------------
/opt/airflow/dags/turtle_pipeline.py                           1           0  0.37s           2026-03-28T01:33:59
================================================================================
[2026-03-28T01:34:36.832+0000] {manager.py:878} INFO - 
================================================================================
DAG File Processing Stats

File Path                             PID    Runtime      # DAGs    # Errors  Last Runtime    Last Run
------------------------------------  -----  ---------  --------  ----------  --------------  -------------------
/opt/airflow/dags/turtle_pipeline.py                           1           0  0.36s           2026-03-28T01:34:30
================================================================================
[2026-03-28T01:34:52.259+0000] {manager.py:737} INFO - Searching for files in /opt/airflow/dags
[2026-03-28T01:34:52.308+0000] {manager.py:740} INFO - There are 1 files in /opt/airflow/dags
[2026-03-28T01:35:06.858+0000] {manager.py:878} INFO - 
================================================================================
DAG File Processing Stats

File Path                             PID    Runtime      # DAGs    # Errors  Last Runtime    Last Run
------------------------------------  -----  ---------  --------  ----------  --------------  -------------------
/opt/airflow/dags/turtle_pipeline.py                           1           0  0.28s           2026-03-28T01:35:00
================================================================================
[2026-03-28T01:35:37.454+0000] {manager.py:878} INFO - 
================================================================================
DAG File Processing Stats

File Path                             PID    Runtime      # DAGs    # Errors  Last Runtime    Last Run
------------------------------------  -----  ---------  --------  ----------  --------------  -------------------
/opt/airflow/dags/turtle_pipeline.py                           1           0  0.26s           2026-03-28T01:35:31
================================================================================
[2026-03-28T01:36:08.304+0000] {manager.py:878} INFO - 
================================================================================
DAG File Processing Stats

File Path                             PID    Runtime      # DAGs    # Errors  Last Runtime    Last Run
------------------------------------  -----  ---------  --------  ----------  --------------  -------------------
/opt/airflow/dags/turtle_pipeline.py                           1           0  0.76s           2026-03-28T01:36:03
================================================================================
[2026-03-28T01:36:38.458+0000] {manager.py:878} INFO - 
================================================================================
DAG File Processing Stats

File Path                             PID    Runtime      # DAGs    # Errors  Last Runtime    Last Run
------------------------------------  -----  ---------  --------  ----------  --------------  -------------------
/opt/airflow/dags/turtle_pipeline.py                           1           0  2.04s           2026-03-28T01:36:35
================================================================================
[2026-03-28T01:37:08.688+0000] {manager.py:878} INFO - 
================================================================================
DAG File Processing Stats

File Path                             PID    Runtime      # DAGs    # Errors  Last Runtime    Last Run
------------------------------------  -----  ---------  --------  ----------  --------------  -------------------
/opt/airflow/dags/turtle_pipeline.py                           1           0  0.97s           2026-03-28T01:37:06
================================================================================
[2026-03-28T01:37:38.787+0000] {manager.py:878} INFO - 
================================================================================
DAG File Processing Stats

File Path                             PID    Runtime      # DAGs    # Errors  Last Runtime    Last Run
------------------------------------  -----  ---------  --------  ----------  --------------  -------------------
/opt/airflow/dags/turtle_pipeline.py                           1           0  0.53s           2026-03-28T01:37:37
================================================================================
[2026-03-28T01:38:09.001+0000] {manager.py:878} INFO - 
================================================================================
DAG File Processing Stats

File Path                             PID    Runtime      # DAGs    # Errors  Last Runtime    Last Run
------------------------------------  -----  ---------  --------  ----------  --------------  -------------------
/opt/airflow/dags/turtle_pipeline.py                           1           0  0.43s           2026-03-28T01:38:08
================================================================================
[2026-03-28T01:38:39.147+0000] {manager.py:878} INFO - 
================================================================================
DAG File Processing Stats

File Path                               PID  Runtime      # DAGs    # Errors  Last Runtime    Last Run
------------------------------------  -----  ---------  --------  ----------  --------------  -------------------
/opt/airflow/dags/turtle_pipeline.py    450  0.02s             1           0  0.43s           2026-03-28T01:38:08
================================================================================
[2026-03-28T01:39:09.906+0000] {manager.py:878} INFO - 
================================================================================
DAG File Processing Stats

File Path                               PID  Runtime      # DAGs    # Errors  Last Runtime    Last Run
------------------------------------  -----  ---------  --------  ----------  --------------  -------------------
/opt/airflow/dags/turtle_pipeline.py    455  0.01s             1           0  0.39s           2026-03-28T01:38:39
================================================================================
[2026-03-28T01:39:40.024+0000] {manager.py:878} INFO - 
================================================================================
DAG File Processing Stats

File Path                             PID    Runtime      # DAGs    # Errors  Last Runtime    Last Run
------------------------------------  -----  ---------  --------  ----------  --------------  -------------------
/opt/airflow/dags/turtle_pipeline.py                           1           0  0.33s           2026-03-28T01:39:10
================================================================================
[2026-03-28T01:39:53.014+0000] {manager.py:737} INFO - Searching for files in /opt/airflow/dags
[2026-03-28T01:39:53.051+0000] {manager.py:740} INFO - There are 1 files in /opt/airflow/dags
[2026-03-28T01:40:10.477+0000] {manager.py:878} INFO - 
================================================================================
DAG File Processing Stats

File Path                             PID    Runtime      # DAGs    # Errors  Last Runtime    Last Run
------------------------------------  -----  ---------  --------  ----------  --------------  -------------------
/opt/airflow/dags/turtle_pipeline.py                           1           0  0.25s           2026-03-28T01:39:41
================================================================================
[2026-03-28T01:40:40.777+0000] {manager.py:878} INFO - 
================================================================================
DAG File Processing Stats

File Path                             PID    Runtime      # DAGs    # Errors  Last Runtime    Last Run
------------------------------------  -----  ---------  --------  ----------  --------------  -------------------
/opt/airflow/dags/turtle_pipeline.py                           1           0  0.50s           2026-03-28T01:40:12
================================================================================
[2026-03-28T01:41:11.465+0000] {manager.py:878} INFO - 
================================================================================
DAG File Processing Stats

File Path                             PID    Runtime      # DAGs    # Errors  Last Runtime    Last Run
------------------------------------  -----  ---------  --------  ----------  --------------  -------------------
/opt/airflow/dags/turtle_pipeline.py                           1           0  0.42s           2026-03-28T01:40:43
================================================================================
[2026-03-28T01:41:41.503+0000] {manager.py:878} INFO - 
================================================================================
DAG File Processing Stats

File Path                             PID    Runtime      # DAGs    # Errors  Last Runtime    Last Run
------------------------------------  -----  ---------  --------  ----------  --------------  -------------------
/opt/airflow/dags/turtle_pipeline.py                           1           0  0.43s           2026-03-28T01:41:14
================================================================================
[2026-03-28T01:42:11.515+0000] {manager.py:878} INFO - 
================================================================================
DAG File Processing Stats

File Path                             PID    Runtime      # DAGs    # Errors  Last Runtime    Last Run
------------------------------------  -----  ---------  --------  ----------  --------------  -------------------
/opt/airflow/dags/turtle_pipeline.py                           1           0  0.49s           2026-03-28T01:41:44
================================================================================
[2026-03-28T01:42:41.997+0000] {manager.py:878} INFO - 
================================================================================
DAG File Processing Stats

File Path                             PID    Runtime      # DAGs    # Errors  Last Runtime    Last Run
------------------------------------  -----  ---------  --------  ----------  --------------  -------------------
/opt/airflow/dags/turtle_pipeline.py                           1           0  0.44s           2026-03-28T01:42:15
================================================================================
[2026-03-28T01:43:12.141+0000] {manager.py:878} INFO - 
================================================================================
DAG File Processing Stats

File Path                             PID    Runtime      # DAGs    # Errors  Last Runtime    Last Run
------------------------------------  -----  ---------  --------  ----------  --------------  -------------------
/opt/airflow/dags/turtle_pipeline.py                           1           0  0.45s           2026-03-28T01:42:46
================================================================================
[2026-03-28T01:43:42.622+0000] {manager.py:878} INFO - 
================================================================================
DAG File Processing Stats

File Path                             PID    Runtime      # DAGs    # Errors  Last Runtime    Last Run
------------------------------------  -----  ---------  --------  ----------  --------------  -------------------
/opt/airflow/dags/turtle_pipeline.py                           1           0  0.42s           2026-03-28T01:43:17
================================================================================
[2026-03-28T01:44:13.126+0000] {manager.py:878} INFO - 
================================================================================
DAG File Processing Stats

File Path                             PID    Runtime      # DAGs    # Errors  Last Runtime    Last Run
------------------------------------  -----  ---------  --------  ----------  --------------  -------------------
/opt/airflow/dags/turtle_pipeline.py                           1           0  0.25s           2026-03-28T01:43:48
================================================================================
[2026-03-28T01:44:43.166+0000] {manager.py:878} INFO - 
================================================================================
DAG File Processing Stats

File Path                             PID    Runtime      # DAGs    # Errors  Last Runtime    Last Run
------------------------------------  -----  ---------  --------  ----------  --------------  -------------------
/opt/airflow/dags/turtle_pipeline.py                           1           0  0.55s           2026-03-28T01:44:18
================================================================================
[2026-03-28T01:44:53.287+0000] {manager.py:737} INFO - Searching for files in /opt/airflow/dags
[2026-03-28T01:44:53.324+0000] {manager.py:740} INFO - There are 1 files in /opt/airflow/dags
[2026-03-28T01:45:13.702+0000] {manager.py:878} INFO - 
================================================================================
DAG File Processing Stats

File Path                             PID    Runtime      # DAGs    # Errors  Last Runtime    Last Run
------------------------------------  -----  ---------  --------  ----------  --------------  -------------------
/opt/airflow/dags/turtle_pipeline.py                           1           0  0.27s           2026-03-28T01:44:49
================================================================================
[2026-03-28T01:45:43.946+0000] {manager.py:878} INFO - 
================================================================================
DAG File Processing Stats

File Path                             PID    Runtime      # DAGs    # Errors  Last Runtime    Last Run
------------------------------------  -----  ---------  --------  ----------  --------------  -------------------
/opt/airflow/dags/turtle_pipeline.py                           1           0  0.35s           2026-03-28T01:45:20
================================================================================
[2026-03-28T01:46:14.401+0000] {manager.py:878} INFO - 
================================================================================
DAG File Processing Stats

File Path                             PID    Runtime      # DAGs    # Errors  Last Runtime    Last Run
------------------------------------  -----  ---------  --------  ----------  --------------  -------------------
/opt/airflow/dags/turtle_pipeline.py                           1           0  0.31s           2026-03-28T01:45:51
================================================================================
[2026-03-28T01:51:00.398+0000] {manager.py:737} INFO - Searching for files in /opt/airflow/dags
[2026-03-28T01:51:00.589+0000] {manager.py:740} INFO - There are 1 files in /opt/airflow/dags
[2026-03-28T01:51:16.957+0000] {manager.py:878} INFO - 
================================================================================
DAG File Processing Stats

File Path                             PID    Runtime      # DAGs    # Errors  Last Runtime    Last Run
------------------------------------  -----  ---------  --------  ----------  --------------  -------------------
/opt/airflow/dags/turtle_pipeline.py                           1           0  0.99s           2026-03-28T01:51:01
================================================================================
[2026-03-28T01:51:47.777+0000] {manager.py:878} INFO - 
================================================================================
DAG File Processing Stats

File Path                             PID    Runtime      # DAGs    # Errors  Last Runtime    Last Run
------------------------------------  -----  ---------  --------  ----------  --------------  -------------------
/opt/airflow/dags/turtle_pipeline.py                           1           0  0.43s           2026-03-28T01:51:32
================================================================================
[2026-03-28T01:52:17.843+0000] {manager.py:878} INFO - 
================================================================================
DAG File Processing Stats

File Path                             PID    Runtime      # DAGs    # Errors  Last Runtime    Last Run
------------------------------------  -----  ---------  --------  ----------  --------------  -------------------
/opt/airflow/dags/turtle_pipeline.py                           1           0  0.99s           2026-03-28T01:52:04
================================================================================
[2026-03-28T01:52:47.879+0000] {manager.py:878} INFO - 
================================================================================
DAG File Processing Stats

File Path                             PID    Runtime      # DAGs    # Errors  Last Runtime    Last Run
------------------------------------  -----  ---------  --------  ----------  --------------  -------------------
/opt/airflow/dags/turtle_pipeline.py                           1           0  0.36s           2026-03-28T01:52:35
================================================================================
[2026-03-28T01:53:18.367+0000] {manager.py:878} INFO - 
================================================================================
DAG File Processing Stats

File Path                             PID    Runtime      # DAGs    # Errors  Last Runtime    Last Run
------------------------------------  -----  ---------  --------  ----------  --------------  -------------------
/opt/airflow/dags/turtle_pipeline.py                           1           0  1.48s           2026-03-28T01:53:06
================================================================================
[2026-03-28T01:53:48.629+0000] {manager.py:878} INFO - 
================================================================================
DAG File Processing Stats

File Path                             PID    Runtime      # DAGs    # Errors  Last Runtime    Last Run
------------------------------------  -----  ---------  --------  ----------  --------------  -------------------
/opt/airflow/dags/turtle_pipeline.py                           1           0  0.45s           2026-03-28T01:53:37
================================================================================
[2026-03-28T01:54:19.051+0000] {manager.py:878} INFO - 
================================================================================
DAG File Processing Stats

File Path                             PID    Runtime      # DAGs    # Errors  Last Runtime    Last Run
------------------------------------  -----  ---------  --------  ----------  --------------  -------------------
/opt/airflow/dags/turtle_pipeline.py                           1           0  0.43s           2026-03-28T01:54:08
================================================================================
[2026-03-28T01:54:49.767+0000] {manager.py:878} INFO - 
================================================================================
DAG File Processing Stats

File Path                             PID    Runtime      # DAGs    # Errors  Last Runtime    Last Run
------------------------------------  -----  ---------  --------  ----------  --------------  -------------------
/opt/airflow/dags/turtle_pipeline.py                           1           0  0.42s           2026-03-28T01:54:39
================================================================================
